<?xml version="1.0" encoding="UTF-8"?>
<!-- Generated by org.testng.reporters.JUnitReportReporter -->
<testsuite hostname="PRASHANTH" failures="0" tests="1" name="myworks.kalki71.Youtubeviews" time="107.588" errors="0" timestamp="2023-10-11T10:52:56 IST" skipped="0">
  <testcase classname="myworks.kalki71.Youtubeviews" name="openYT" time="107.588"/>
  <system-out/>
</testsuite> <!-- myworks.kalki71.Youtubeviews -->
